2023-04-05 15:51:08.725 [main] INFO   api.test.A6_UserTests_Logs -  ************  Creating User ************** 
2023-04-05 15:51:10.102 [main] INFO   api.test.A6_UserTests_Logs -  ************  Creating User ************** 
2023-04-05 15:51:10.111 [main] INFO   api.test.A6_UserTests_Logs -  ************  Reading User Info  ************** 
2023-04-05 15:51:10.251 [main] INFO   api.test.A6_UserTests_Logs -  ************   User Info Displayed ************** 
2023-04-05 15:51:10.255 [main] INFO   api.test.A6_UserTests_Logs -  ************  Updating User ************** 
2023-04-05 15:51:10.397 [main] INFO   api.test.A6_UserTests_Logs -  ************  User Updated ************** 
2023-04-05 15:51:10.538 [main] INFO   api.test.A6_UserTests_Logs -  ************  Deleting User ************** 
2023-04-05 15:51:10.660 [main] INFO   api.test.A6_UserTests_Logs -  ************  User Deleted  ************** 
2023-04-05 17:31:12.137 [main] INFO   api.test.A6_UserTests_Logs -  ************  Creating User ************** 
2023-04-05 17:31:13.657 [main] INFO   api.test.A6_UserTests_Logs -  ************  Creating User ************** 
2023-04-05 17:31:13.673 [main] INFO   api.test.A6_UserTests_Logs -  ************  Reading User Info  ************** 
2023-04-05 17:31:13.833 [main] INFO   api.test.A6_UserTests_Logs -  ************   User Info Displayed ************** 
2023-04-05 17:31:13.833 [main] INFO   api.test.A6_UserTests_Logs -  ************  Updating User ************** 
2023-04-05 17:31:13.990 [main] INFO   api.test.A6_UserTests_Logs -  ************  User Updated ************** 
2023-04-05 17:31:14.149 [main] INFO   api.test.A6_UserTests_Logs -  ************  Deleting User ************** 
2023-04-05 17:31:14.259 [main] INFO   api.test.A6_UserTests_Logs -  ************  User Deleted  ************** 
2023-04-05 17:40:46.573 [main] INFO   api.test.A6_UserTests_Logs -  ************  Creating User ************** 
2023-04-05 17:40:48.181 [main] INFO   api.test.A6_UserTests_Logs -  ************  Creating User ************** 
2023-04-05 17:40:48.197 [main] INFO   api.test.A6_UserTests_Logs -  ************  Reading User Info  ************** 
2023-04-05 17:40:48.354 [main] INFO   api.test.A6_UserTests_Logs -  ************   User Info Displayed ************** 
2023-04-05 17:40:48.354 [main] INFO   api.test.A6_UserTests_Logs -  ************  Updating User ************** 
2023-04-05 17:40:48.511 [main] INFO   api.test.A6_UserTests_Logs -  ************  User Updated ************** 
2023-04-05 17:40:48.668 [main] INFO   api.test.A6_UserTests_Logs -  ************  Deleting User ************** 
2023-04-05 17:40:48.794 [main] INFO   api.test.A6_UserTests_Logs -  ************  User Deleted  ************** 
2023-04-06 09:02:02.391 [main] INFO   api.test.A6_UserTests_Logs -  ************  Creating User ************** 
2023-04-06 09:02:03.798 [main] INFO   api.test.A6_UserTests_Logs -  ************  Creating User ************** 
2023-04-06 09:02:03.798 [main] INFO   api.test.A6_UserTests_Logs -  ************  Reading User Info  ************** 
2023-04-06 09:02:03.954 [main] INFO   api.test.A6_UserTests_Logs -  ************   User Info Displayed ************** 
2023-04-06 09:02:03.954 [main] INFO   api.test.A6_UserTests_Logs -  ************  Updating User ************** 
2023-04-06 09:02:04.067 [main] INFO   api.test.A6_UserTests_Logs -  ************  User Updated ************** 
2023-04-06 09:02:04.206 [main] INFO   api.test.A6_UserTests_Logs -  ************  Deleting User ************** 
2023-04-06 09:02:04.332 [main] INFO   api.test.A6_UserTests_Logs -  ************  User Deleted  ************** 
2023-04-10 18:59:43.457 [main] INFO   api.test.A6_UserTests_Logs -  ************  Creating User ************** 
2023-04-10 18:59:45.070 [main] INFO   api.test.A6_UserTests_Logs -  ************  Creating User ************** 
2023-04-10 18:59:45.080 [main] INFO   api.test.A6_UserTests_Logs -  ************  Reading User Info  ************** 
2023-04-10 18:59:45.228 [main] INFO   api.test.A6_UserTests_Logs -  ************   User Info Displayed ************** 
2023-04-10 18:59:45.231 [main] INFO   api.test.A6_UserTests_Logs -  ************  Updating User ************** 
2023-04-10 18:59:45.374 [main] INFO   api.test.A6_UserTests_Logs -  ************  User Updated ************** 
2023-04-10 18:59:45.506 [main] INFO   api.test.A6_UserTests_Logs -  ************  Deleting User ************** 
2023-04-10 18:59:45.639 [main] INFO   api.test.A6_UserTests_Logs -  ************  User Deleted  ************** 
2023-04-10 19:16:40.690 [main] INFO   api.test.A6_UserTests_Logs -  ************  Creating User ************** 
2023-04-10 19:16:42.205 [main] INFO   api.test.A6_UserTests_Logs -  ************  Creating User ************** 
2023-04-10 19:16:42.213 [main] INFO   api.test.A6_UserTests_Logs -  ************  Reading User Info  ************** 
2023-04-10 19:16:42.369 [main] INFO   api.test.A6_UserTests_Logs -  ************   User Info Displayed ************** 
2023-04-10 19:16:42.372 [main] INFO   api.test.A6_UserTests_Logs -  ************  Updating User ************** 
2023-04-10 19:16:42.517 [main] INFO   api.test.A6_UserTests_Logs -  ************  User Updated ************** 
2023-04-10 19:16:42.659 [main] INFO   api.test.A6_UserTests_Logs -  ************  Deleting User ************** 
2023-04-10 19:16:42.800 [main] INFO   api.test.A6_UserTests_Logs -  ************  User Deleted  ************** 
2023-04-10 19:16:58.827 [main] INFO   api.test.A6_UserTests_Logs -  ************  Creating User ************** 
2023-04-10 19:17:00.514 [main] INFO   api.test.A6_UserTests_Logs -  ************  Creating User ************** 
2023-04-10 19:17:00.530 [main] INFO   api.test.A6_UserTests_Logs -  ************  Reading User Info  ************** 
2023-04-10 19:17:00.736 [main] INFO   api.test.A6_UserTests_Logs -  ************   User Info Displayed ************** 
2023-04-10 19:17:00.736 [main] INFO   api.test.A6_UserTests_Logs -  ************  Updating User ************** 
2023-04-10 19:17:00.893 [main] INFO   api.test.A6_UserTests_Logs -  ************  User Updated ************** 
2023-04-10 19:17:01.067 [main] INFO   api.test.A6_UserTests_Logs -  ************  Deleting User ************** 
2023-04-10 19:17:01.192 [main] INFO   api.test.A6_UserTests_Logs -  ************  User Deleted  ************** 
2023-04-10 19:32:26.010 [main] INFO   api.test.A6_UserTests_Logs -  ************  Creating User ************** 
2023-04-10 19:32:27.568 [main] INFO   api.test.A6_UserTests_Logs -  ************  Creating User ************** 
2023-04-10 19:32:27.584 [main] INFO   api.test.A6_UserTests_Logs -  ************  Reading User Info  ************** 
2023-04-10 19:32:27.742 [main] INFO   api.test.A6_UserTests_Logs -  ************   User Info Displayed ************** 
2023-04-10 19:32:27.742 [main] INFO   api.test.A6_UserTests_Logs -  ************  Updating User ************** 
2023-04-10 19:32:27.900 [main] INFO   api.test.A6_UserTests_Logs -  ************  User Updated ************** 
2023-04-10 19:32:28.041 [main] INFO   api.test.A6_UserTests_Logs -  ************  Deleting User ************** 
2023-04-10 19:32:28.167 [main] INFO   api.test.A6_UserTests_Logs -  ************  User Deleted  ************** 
2023-04-10 20:00:00.385 [main] INFO   api.test.A6_UserTests_Logs -  ************  Creating User ************** 
2023-04-10 20:00:01.626 [main] INFO   api.test.A6_UserTests_Logs -  ************  Creating User ************** 
2023-04-10 20:00:01.642 [main] INFO   api.test.A6_UserTests_Logs -  ************  Reading User Info  ************** 
2023-04-10 20:00:01.798 [main] INFO   api.test.A6_UserTests_Logs -  ************   User Info Displayed ************** 
2023-04-10 20:00:01.798 [main] INFO   api.test.A6_UserTests_Logs -  ************  Updating User ************** 
2023-04-10 20:00:01.940 [main] INFO   api.test.A6_UserTests_Logs -  ************  User Updated ************** 
2023-04-10 20:00:02.065 [main] INFO   api.test.A6_UserTests_Logs -  ************  Deleting User ************** 
2023-04-10 20:00:02.206 [main] INFO   api.test.A6_UserTests_Logs -  ************  User Deleted  ************** 
2023-04-10 20:22:30.707 [main] INFO   api.test.A6_UserTests_Logs -  ************  Creating User ************** 
2023-04-10 20:22:31.954 [main] INFO   api.test.A6_UserTests_Logs -  ************  Creating User ************** 
2023-04-10 20:22:31.969 [main] INFO   api.test.A6_UserTests_Logs -  ************  Reading User Info  ************** 
2023-04-10 20:22:32.104 [main] INFO   api.test.A6_UserTests_Logs -  ************   User Info Displayed ************** 
2023-04-10 20:22:32.104 [main] INFO   api.test.A6_UserTests_Logs -  ************  Updating User ************** 
2023-04-10 20:22:32.209 [main] INFO   api.test.A6_UserTests_Logs -  ************  User Updated ************** 
2023-04-10 20:22:32.323 [main] INFO   api.test.A6_UserTests_Logs -  ************  Deleting User ************** 
2023-04-10 20:22:32.449 [main] INFO   api.test.A6_UserTests_Logs -  ************  User Deleted  ************** 
2023-04-10 20:23:31.133 [main] INFO   api.test.A6_UserTests_Logs -  ************  Creating User ************** 
2023-04-10 20:23:32.327 [main] INFO   api.test.A6_UserTests_Logs -  ************  Creating User ************** 
2023-04-10 20:23:32.343 [main] INFO   api.test.A6_UserTests_Logs -  ************  Reading User Info  ************** 
2023-04-10 20:23:32.500 [main] INFO   api.test.A6_UserTests_Logs -  ************   User Info Displayed ************** 
2023-04-10 20:23:32.500 [main] INFO   api.test.A6_UserTests_Logs -  ************  Updating User ************** 
2023-04-10 20:23:32.625 [main] INFO   api.test.A6_UserTests_Logs -  ************  User Updated ************** 
2023-04-10 20:23:32.766 [main] INFO   api.test.A6_UserTests_Logs -  ************  Deleting User ************** 
2023-04-10 20:23:32.891 [main] INFO   api.test.A6_UserTests_Logs -  ************  User Deleted  ************** 
2023-04-10 21:00:10.905 [main] INFO   api.test.A6_UserTests_Logs -  ************  Creating User ************** 
2023-04-10 21:00:12.220 [main] INFO   api.test.A6_UserTests_Logs -  ************  Creating User ************** 
2023-04-10 21:00:12.229 [main] INFO   api.test.A6_UserTests_Logs -  ************  Reading User Info  ************** 
2023-04-10 21:00:12.368 [main] INFO   api.test.A6_UserTests_Logs -  ************   User Info Displayed ************** 
2023-04-10 21:00:12.370 [main] INFO   api.test.A6_UserTests_Logs -  ************  Updating User ************** 
2023-04-10 21:00:12.510 [main] INFO   api.test.A6_UserTests_Logs -  ************  User Updated ************** 
2023-04-10 21:00:12.646 [main] INFO   api.test.A6_UserTests_Logs -  ************  Deleting User ************** 
2023-04-10 21:00:12.761 [main] INFO   api.test.A6_UserTests_Logs -  ************  User Deleted  ************** 
2023-04-10 21:00:35.984 [main] INFO   api.test.A6_UserTests_Logs -  ************  Creating User ************** 
2023-04-10 21:00:37.194 [main] INFO   api.test.A6_UserTests_Logs -  ************  Creating User ************** 
2023-04-10 21:00:37.208 [main] INFO   api.test.A6_UserTests_Logs -  ************  Reading User Info  ************** 
2023-04-10 21:00:37.369 [main] INFO   api.test.A6_UserTests_Logs -  ************   User Info Displayed ************** 
2023-04-10 21:00:37.370 [main] INFO   api.test.A6_UserTests_Logs -  ************  Updating User ************** 
2023-04-10 21:00:37.507 [main] INFO   api.test.A6_UserTests_Logs -  ************  User Updated ************** 
2023-04-10 21:00:37.633 [main] INFO   api.test.A6_UserTests_Logs -  ************  Deleting User ************** 
2023-04-10 21:00:37.749 [main] INFO   api.test.A6_UserTests_Logs -  ************  User Deleted  ************** 
2023-04-10 21:01:09.767 [main] INFO   api.test.A6_UserTests_Logs -  ************  Creating User ************** 
2023-04-10 21:01:10.972 [main] INFO   api.test.A6_UserTests_Logs -  ************  Creating User ************** 
2023-04-10 21:01:10.983 [main] INFO   api.test.A6_UserTests_Logs -  ************  Reading User Info  ************** 
2023-04-10 21:01:11.141 [main] INFO   api.test.A6_UserTests_Logs -  ************   User Info Displayed ************** 
2023-04-10 21:01:11.143 [main] INFO   api.test.A6_UserTests_Logs -  ************  Updating User ************** 
2023-04-10 21:01:11.278 [main] INFO   api.test.A6_UserTests_Logs -  ************  User Updated ************** 
2023-04-10 21:01:11.420 [main] INFO   api.test.A6_UserTests_Logs -  ************  Deleting User ************** 
2023-04-10 21:01:11.533 [main] INFO   api.test.A6_UserTests_Logs -  ************  User Deleted  ************** 
2023-04-10 21:03:04.475 [main] INFO   api.test.A6_UserTests_Logs -  ************  Creating User ************** 
2023-04-10 21:03:05.724 [main] INFO   api.test.A6_UserTests_Logs -  ************  Creating User ************** 
2023-04-10 21:03:05.734 [main] INFO   api.test.A6_UserTests_Logs -  ************  Reading User Info  ************** 
2023-04-10 21:03:05.886 [main] INFO   api.test.A6_UserTests_Logs -  ************   User Info Displayed ************** 
2023-04-10 21:03:05.888 [main] INFO   api.test.A6_UserTests_Logs -  ************  Updating User ************** 
2023-04-10 21:03:06.023 [main] INFO   api.test.A6_UserTests_Logs -  ************  User Updated ************** 
2023-04-10 21:03:06.165 [main] INFO   api.test.A6_UserTests_Logs -  ************  Deleting User ************** 
2023-04-10 21:03:06.289 [main] INFO   api.test.A6_UserTests_Logs -  ************  User Deleted  ************** 
2023-04-10 21:03:24.155 [main] INFO   api.test.A6_UserTests_Logs -  ************  Creating User ************** 
2023-04-10 21:03:25.441 [main] INFO   api.test.A6_UserTests_Logs -  ************  Creating User ************** 
2023-04-10 21:03:25.450 [main] INFO   api.test.A6_UserTests_Logs -  ************  Reading User Info  ************** 
2023-04-10 21:03:25.608 [main] INFO   api.test.A6_UserTests_Logs -  ************   User Info Displayed ************** 
2023-04-10 21:03:25.609 [main] INFO   api.test.A6_UserTests_Logs -  ************  Updating User ************** 
2023-04-10 21:03:25.767 [main] INFO   api.test.A6_UserTests_Logs -  ************  User Updated ************** 
2023-04-10 21:03:25.906 [main] INFO   api.test.A6_UserTests_Logs -  ************  Deleting User ************** 
2023-04-10 21:03:26.042 [main] INFO   api.test.A6_UserTests_Logs -  ************  User Deleted  ************** 
